April 22, 2019
分线程（user_task.c）用于filter计算，CV传输来的数据(有延迟时间t)与延迟时间t前的编码器值计算后抵消得到一个定值，用于旋转云台的目标位置

April 14, 2019
更改为位置PID锁定（测试）
加入滤波器，启用ChebyshevII LPF平滑tx2传输数据，创建filter.c/.h，整理代码

April 11, 2019
通过CAN发送云台陀螺仪数据

April 9, 2019
加入电子限制电机限位

April 3, 2019
修复滤波器，加入卡尔曼滤波，有一定预测效果
DBUS连接松动导致底盘不定时断线

March 26, 2019
摩擦轮，供弹轮转速调整，加入自适应PID（仅Kp）

March 17, 2019
Erase Full Chip可重新校准陀螺仪，完成键盘鼠标映射，一键切换扭腰模式

March 15, 2019
无预测PID调试基本完成

March 13, 2019
摄像机放云台上追随识别框成功

Feb 26, 2019
英雄底盘组装完毕

Feb 24, 2019
初步判断是CAN通信优先级导致的丢包和延时，更改CAN通信数据优先级，将TX2的CAN_ID优先级调至最高（0x208->0x111），发现并无太大关系（0x111->0x300依然测试成功）。
单独定义并测试自瞄模块程序（get_aim_data）控制云台，测试成功
说明get_tx2_measure程序switch失效，暂时弃用
测试TX2发送数据包至步兵车来控制云台，测试成功
测试TX2视觉程序，通过摄像头读取其他步兵车的数字装甲板后计算，发送坐标数据包至步兵车控制云台，实现步兵车云台跟随其他步兵车的数字装甲板，测试成功

Feb 23, 2019
加入由CAN通信接口控制云台的代码，控制云台测试成功，然而TX2自瞄数据包大量丢包延时，效果很差
调试由CAN通信接口发至TX2的编码器读数，测试成功

Feb 22, 2019
加入控制云台的遥控器/鼠标代码控制云台，测试成功
加入get_tx2_measure程序，由Data[0]作为标识符判断收到的数据包类型（调整pitch/yaw PID数值数据包，自瞄数据包），未测试

Feb 15, 2019
第一次成功烧录步兵车程序，然而遥控器只能控制底盘和射击

Jan 30, 2019
熟悉并理解代码

